<?xml version="1.0" encoding="UTF-8"?>
<!-- Generated by org.testng.reporters.JUnitReportReporter -->
<testsuite hostname="Sourabh" failures="0" tests="1" name="com.qa.testPackage.GoogleTest" time="6.885" errors="0" timestamp="10 Mar 2019 21:06:12 GMT" skipped="0">
  <testcase classname="com.qa.testPackage.GoogleTest" name="googleCheck" time="6.885"/>
</testsuite> <!-- com.qa.testPackage.GoogleTest -->
